<?xml version="1.0" encoding="UTF-8"?>
<!-- Generated by org.testng.reporters.JUnitXMLReporter -->
<testsuite hostname="Selva" name="Default test" tests="3" failures="0" timestamp="2 Dec 2016 23:54:05 GMT" time="0.09" errors="0">
  <testcase name="negativeValues" time="0.03" classname="com.chella.practice.java.algo.QuickSortTest"/>
  <testcase name="nullValue" time="0.0" classname="com.chella.practice.java.algo.QuickSortTest"/>
  <testcase name="positiveQuickSortTest" time="0.0" classname="com.chella.practice.java.algo.QuickSortTest"/>
</testsuite> <!-- Default test -->
