<?xml version="1.0" encoding="UTF-8"?>
<testng-results skipped="0" failed="0" total="3" passed="3">
  <reporter-output>
  </reporter-output>
  <suite name="Default suite" duration-ms="90" started-at="2016-12-02T23:54:05Z" finished-at="2016-12-02T23:54:05Z">
    <groups>
    </groups>
    <test name="Default test" duration-ms="90" started-at="2016-12-02T23:54:05Z" finished-at="2016-12-02T23:54:05Z">
      <class name="com.chella.practice.java.algo.QuickSortTest">
        <test-method status="PASS" signature="negativeValues()[pri:0, instance:com.chella.practice.java.algo.QuickSortTest@6538b14]" name="negativeValues" duration-ms="30" started-at="2016-12-02T15:54:05Z" finished-at="2016-12-02T15:54:05Z">
          <reporter-output>
          </reporter-output>
        </test-method> <!-- negativeValues -->
        <test-method status="PASS" signature="nullValue()[pri:0, instance:com.chella.practice.java.algo.QuickSortTest@6538b14]" name="nullValue" duration-ms="0" started-at="2016-12-02T15:54:05Z" finished-at="2016-12-02T15:54:05Z">
          <reporter-output>
          </reporter-output>
        </test-method> <!-- nullValue -->
        <test-method status="PASS" signature="positiveQuickSortTest()[pri:0, instance:com.chella.practice.java.algo.QuickSortTest@6538b14]" name="positiveQuickSortTest" duration-ms="0" started-at="2016-12-02T15:54:05Z" finished-at="2016-12-02T15:54:05Z">
          <reporter-output>
          </reporter-output>
        </test-method> <!-- positiveQuickSortTest -->
      </class> <!-- com.chella.practice.java.algo.QuickSortTest -->
    </test> <!-- Default test -->
  </suite> <!-- Default suite -->
</testng-results>
